#
# There is insufficient memory for the Java Runtime Environment to continue.
# Native memory allocation (malloc) failed to allocate 1048576 bytes for AllocateHeap
# Possible reasons:
#   The system is out of physical RAM or swap space
#   In 32 bit mode, the process size limit was hit
# Possible solutions:
#   Reduce memory load on the system
#   Increase physical memory or swap space
#   Check if swap backing store is full
#   Use 64 bit Java on a 64 bit OS
#   Decrease Java heap size (-Xmx/-Xms)
#   Decrease number of Java threads
#   Decrease Java thread stack sizes (-Xss)
#   Set larger code cache with -XX:ReservedCodeCacheSize=
# This output file may be truncated or incomplete.
#
#  Out of Memory Error (memory/allocation.inline.hpp:61), pid=19256, tid=18512
#
# JRE version:  (8.0_91-b14) (build )
# Java VM: Java HotSpot(TM) 64-Bit Server VM (25.91-b14 mixed mode windows-amd64 compressed oops)
# Failed to write core dump. Minidumps are not enabled by default on client versions of Windows
#

---------------  T H R E A D  ---------------

Current thread (0x0000000003762800):  JavaThread "Unknown thread" [_thread_in_vm, id=18512, stack(0x0000000003390000,0x0000000003490000)]

Stack: [0x0000000003390000,0x0000000003490000]
[error occurred during error reporting (printing stack bounds), id 0xc0000005]

Native frames: (J=compiled Java code, j=interpreted, Vv=VM code, C=native code)


---------------  P R O C E S S  ---------------

Java Threads: ( => current thread )

Other Threads:

=>0x0000000003762800 (exited) JavaThread "Unknown thread" [_thread_in_vm, id=18512, stack(0x0000000003390000,0x0000000003490000)]

VM state:not at safepoint (normal execution)

VM Mutex/Monitor currently owned by a thread: None

Heap:
 PSYoungGen      total 38400K, used 665K [0x00000000d5d80000, 0x00000000d8800000, 0x0000000100000000)
  eden space 33280K, 2% used [0x00000000d5d80000,0x00000000d5e26670,0x00000000d7e00000)
  from space 5120K, 0% used [0x00000000d8300000,0x00000000d8300000,0x00000000d8800000)
  to   space 5120K, 0% used [0x00000000d7e00000,0x00000000d7e00000,0x00000000d8300000)
 ParOldGen       total 87552K, used 0K [0x0000000081800000, 0x0000000086d80000, 0x00000000d5d80000)
  object space 87552K, 0% used [0x0000000081800000,0x0000000081800000,0x0000000086d80000)
 Metaspace       used 769K, capacity 4480K, committed 4480K, reserved 1056768K
  class space    used 75K, capacity 384K, committed 384K, reserved 1048576K

Card table byte_map: [0x0000000012c20000,0x0000000013020000] byte_map_base: 0x0000000012814000

Marking Bits: (ParMarkBitMap*) 0x000000005d892f70
 Begin Bits: [0x00000000136d0000, 0x0000000015670000)
 End Bits:   [0x0000000015670000, 0x0000000017610000)

Polling page: 0x0000000000ff0000

CodeCache: size=245760Kb used=328Kb max_used=328Kb free=245431Kb
 bounds [0x0000000003860000, 0x0000000003ad0000, 0x0000000012860000]
 total_blobs=58 nmethods=0 adapters=38
 compilation: enabled

Compilation events (0 events):
No events

GC Heap History (0 events):
No events

Deoptimization events (0 events):
No events

Internal exceptions (0 events):
No events

Events (10 events):
Event: 0.086 loading class java/lang/Short
Event: 0.086 loading class java/lang/Short done
Event: 0.086 loading class java/lang/Integer
Event: 0.086 loading class java/lang/Integer done
Event: 0.086 loading class java/lang/Long
Event: 0.087 loading class java/lang/Long done
Event: 0.088 loading class java/lang/NullPointerException
Event: 0.088 loading class java/lang/NullPointerException done
Event: 0.088 loading class java/lang/ArithmeticException
Event: 0.088 loading class java/lang/ArithmeticException done


Dynamic libraries:
0x00007ff77ea40000 - 0x00007ff77ea77000 	C:\Program Files\Java\jdk1.8.0_91\bin\java.exe
0x00007ffaed550000 - 0x00007ffaed72b000 	C:\WINDOWS\SYSTEM32\ntdll.dll
0x00007ffaecb50000 - 0x00007ffaecbfe000 	C:\WINDOWS\System32\KERNEL32.DLL
0x00007ffae9c40000 - 0x00007ffae9e89000 	C:\WINDOWS\System32\KERNELBASE.dll
0x00007ffaec270000 - 0x00007ffaec311000 	C:\WINDOWS\System32\ADVAPI32.dll
0x00007ffaebef0000 - 0x00007ffaebf8d000 	C:\WINDOWS\System32\msvcrt.dll
0x00007ffaecff0000 - 0x00007ffaed049000 	C:\WINDOWS\System32\sechost.dll
0x00007ffaec610000 - 0x00007ffaec735000 	C:\WINDOWS\System32\RPCRT4.dll
0x00007ffaec4c0000 - 0x00007ffaec60a000 	C:\WINDOWS\System32\USER32.dll
0x00007ffaea860000 - 0x00007ffaea87e000 	C:\WINDOWS\System32\win32u.dll
0x00007ffaece20000 - 0x00007ffaece47000 	C:\WINDOWS\System32\GDI32.dll
0x00007ffaea880000 - 0x00007ffaeaa07000 	C:\WINDOWS\System32\gdi32full.dll
0x00007ffaeaa10000 - 0x00007ffaeaaaa000 	C:\WINDOWS\System32\msvcp_win.dll
0x00007ffae9e90000 - 0x00007ffae9f86000 	C:\WINDOWS\System32\ucrtbase.dll
0x00007ffadf850000 - 0x00007ffadfab7000 	C:\WINDOWS\WinSxS\amd64_microsoft.windows.common-controls_6595b64144ccf1df_6.0.15063.483_none_26002d27e7c744a2\COMCTL32.dll
0x00007ffaec740000 - 0x00007ffaeca39000 	C:\WINDOWS\System32\combase.dll
0x00007ffae9f90000 - 0x00007ffae9ffa000 	C:\WINDOWS\System32\bcryptPrimitives.dll
0x00007ffaec240000 - 0x00007ffaec26d000 	C:\WINDOWS\System32\IMM32.DLL
0x000000005d920000 - 0x000000005d9f2000 	C:\Program Files\Java\jdk1.8.0_91\jre\bin\msvcr100.dll
0x000000005d080000 - 0x000000005d913000 	C:\Program Files\Java\jdk1.8.0_91\jre\bin\server\jvm.dll
0x00007ffaec320000 - 0x00007ffaec328000 	C:\WINDOWS\System32\PSAPI.DLL
0x00007ffae5f50000 - 0x00007ffae5f59000 	C:\WINDOWS\SYSTEM32\WSOCK32.dll
0x00007ffaec1d0000 - 0x00007ffaec23c000 	C:\WINDOWS\System32\WS2_32.dll
0x00007ffae7c00000 - 0x00007ffae7c23000 	C:\WINDOWS\SYSTEM32\WINMM.dll
0x00007ffae6070000 - 0x00007ffae607a000 	C:\WINDOWS\SYSTEM32\VERSION.dll
0x00007ffae7b20000 - 0x00007ffae7b4b000 	C:\WINDOWS\SYSTEM32\winmmbase.dll
0x00007ffaea060000 - 0x00007ffaea0a9000 	C:\WINDOWS\System32\cfgmgr32.dll
0x000000005faf0000 - 0x000000005faff000 	C:\Program Files\Java\jdk1.8.0_91\jre\bin\verify.dll
0x000000005d050000 - 0x000000005d079000 	C:\Program Files\Java\jdk1.8.0_91\jre\bin\java.dll
0x000000005d020000 - 0x000000005d043000 	C:\Program Files\Java\jdk1.8.0_91\jre\bin\instrument.dll
0x000000005ea10000 - 0x000000005ea26000 	C:\Program Files\Java\jdk1.8.0_91\jre\bin\zip.dll

VM Arguments:
jvm_args: -javaagent:F:\IDEA17\Idea2017\IntelliJ IDEA 2017.2.2\lib\idea_rt.jar=61054:F:\IDEA17\Idea2017\IntelliJ IDEA 2017.2.2\bin -Dfile.encoding=UTF-8 
java_command: Main
java_class_path (initial): C:\Program Files\Java\jdk1.8.0_91\jre\lib\charsets.jar;C:\Program Files\Java\jdk1.8.0_91\jre\lib\deploy.jar;C:\Program Files\Java\jdk1.8.0_91\jre\lib\ext\access-bridge-64.jar;C:\Program Files\Java\jdk1.8.0_91\jre\lib\ext\cldrdata.jar;C:\Program Files\Java\jdk1.8.0_91\jre\lib\ext\dnsns.jar;C:\Program Files\Java\jdk1.8.0_91\jre\lib\ext\jaccess.jar;C:\Program Files\Java\jdk1.8.0_91\jre\lib\ext\jfxrt.jar;C:\Program Files\Java\jdk1.8.0_91\jre\lib\ext\localedata.jar;C:\Program Files\Java\jdk1.8.0_91\jre\lib\ext\nashorn.jar;C:\Program Files\Java\jdk1.8.0_91\jre\lib\ext\sunec.jar;C:\Program Files\Java\jdk1.8.0_91\jre\lib\ext\sunjce_provider.jar;C:\Program Files\Java\jdk1.8.0_91\jre\lib\ext\sunmscapi.jar;C:\Program Files\Java\jdk1.8.0_91\jre\lib\ext\sunpkcs11.jar;C:\Program Files\Java\jdk1.8.0_91\jre\lib\ext\zipfs.jar;C:\Program Files\Java\jdk1.8.0_91\jre\lib\javaws.jar;C:\Program Files\Java\jdk1.8.0_91\jre\lib\jce.jar;C:\Program Files\Java\jdk1.8.0_91\jre\lib\jfr.jar;C:\Program Files\Java\jdk1.8.0_91\jre\lib\jfxswt.jar;C:\Program Files\Java\jdk1.8.0_91\jre\lib\jsse.jar;C:\Program Files\Java\jdk1.8.0_91\jre\lib\management-agent.jar;C:\Program Files\Java\jdk1.8.0_91\jre\lib\plugin.jar;C:\Program Files\Java\jdk1.8.0_91\jre\lib\resources.jar;C:\Program Files\Java\jdk1.8.0_91\jre\lib\rt.jar;F:\666\tiaoyitiao\out\production\tiaoyitiao;F:\IDEA17\Idea2017\IntelliJ IDEA 2017.2.2\lib\idea_rt.jar
Launcher Type: SUN_STANDARD

Environment Variables:
JAVA_HOME=C:\Program Files\Java\jdk1.8.0_91
CLASSPATH=.;C:\Program Files\Java\jdk1.8.0_91\lib;
PATH=C:\ProgramData\Oracle\Java\javapath;C:\Program Files (x86)\Intel\iCLS Client\;C:\Program Files\Intel\iCLS Client\;C:\Windows\system32;C:\Windows;C:\Windows\System32\Wbem;C:\Windows\System32\WindowsPowerShell\v1.0\;C:\Program Files (x86)\Intel\Intel(R) Management Engine Components\DAL;C:\Program Files\Intel\Intel(R) Management Engine Components\DAL;C:\Program Files (x86)\Intel\Intel(R) Management Engine Components\IPT;C:\Program Files\Intel\Intel(R) Management Engine Components\IPT;C:\Program Files (x86)\NVIDIA Corporation\PhysX\Common;C:\WINDOWS\system32;C:\WINDOWS;C:\WINDOWS\System32\Wbem;C:\Program Files\Java\jdk1.8.0_91\bin;C:\Program Files\Microsoft\Web Platform Installer\;C:\Program Files (x86)\Microsoft ASP.NET\ASP.NET Web Pages\v1.0\;C:\Program Files (x86)\Windows Kits\8.0\Windows Performance Toolkit\;F:\Android_SDK\platform-tools;C:\WINDOWS\System32\WindowsPowerShell\v1.0\;rogram Files\Microsoft SQL Server\110\Tools\Binn\;F:\SVN\S1\bin;F:\SVNCLICK\bin;f:\quartus\quartus\bin;F:\IDEAR\apache-maven-3.3.9-bin\apache-maven-3.3.9\bin;C:\Program Files\MySQL\MySQL Server 5.7\lib;F:\JAR°ü\spring-1.5.4.RELEASE\bin;F:\Groovy\groovy-2.4.11\bin;F:\Node\;C:\Users\41988\AppData\Local\Microsoft\WindowsApps;C:\Users\41988\AppData\Roaming\npm;F:\VSCODE\Microsoft VS Code\bin;D:\gcc\bin;C:\Users\41988\AppData\Local\atom\bin
USERNAME=41988
OS=Windows_NT
PROCESSOR_IDENTIFIER=Intel64 Family 6 Model 61 Stepping 4, GenuineIntel



---------------  S Y S T E M  ---------------

OS: Windows 10.0 , 64 bit Build 15063 (10.0.15063.296)

CPU:total 4 (2 cores per cpu, 2 threads per core) family 6 model 61 stepping 4, cmov, cx8, fxsr, mmx, sse, sse2, sse3, ssse3, sse4.1, sse4.2, popcnt, avx, avx2, aes, clmul, erms, 3dnowpref, lzcnt, ht, tsc, tscinvbit, bmi1, bmi2, adx

Memory: 4k page, physical 8288812k(3804740k free), swap 14580268k(5072k free)

vm_info: Java HotSpot(TM) 64-Bit Server VM (25.91-b14) for windows-amd64 JRE (1.8.0_91-b14), built on Apr  1 2016 00:58:32 by "java_re" with MS VC++ 10.0 (VS2010)

time: Wed Jan 03 16:51:29 2018
elapsed time: 0 seconds (0d 0h 0m 0s)

